Drill report for /home/xavier/Documents/ETS/PFE/SchemasELE/Noeud.kicad_pcb
Created on Wed 19 Jul 2017 10:40:35 AM EDT

Copper Layer Stackup:
    =============================================================
    L1 :  F.Cu                      front
    L2 :  B.Cu                      back


Drill file 'Noeud-PTH.drl' contains
    plated through holes:
    =============================================================
    T1  0.60mm  0.024"  (29 holes)
    T2  0.64mm  0.025"  (3 holes)
    T3  0.75mm  0.030"  (10 holes)
    T4  1.00mm  0.039"  (6 holes)
    T5  1.25mm  0.049"  (56 holes)
    T6  1.30mm  0.051"  (35 holes)
    T7  1.52mm  0.060"  (27 holes)
    T8  2.06mm  0.081"  (1 hole)

    Total plated holes count 167


Drill file 'Noeud-NPTH.drl' contains
    unplated through holes:
    =============================================================

    Total unplated holes count 0
